e:\users\zgf\appdata\local\microsoft\windows\wer\reportarchive\appcrash_cl.exe_2c729ac8ab4c47207b6e8b24414cfa3352c44aec_4e52caf7\report.wer
f:\myprojects\ztl_linq\ztl_linq\debug\vc120.pdb
f:\myprojects\ztl_linq\ztl_linq\debug\vc120.idb
f:\myprojects\ztl_linq\ztl_linq\debug\main.obj
f:\myprojects\ztl_linq\debug\ztl_linq.ilk
f:\myprojects\ztl_linq\debug\ztl_linq.exe
f:\myprojects\ztl_linq\debug\ztl_linq.pdb
f:\myprojects\ztl_linq\ztl_linq\debug\ztl_linq.tlog\cl-dw20-dwwin.read.1.tlog
f:\myprojects\ztl_linq\ztl_linq\debug\ztl_linq.tlog\cl-dw20-dwwin.read.2.tlog
f:\myprojects\ztl_linq\ztl_linq\debug\ztl_linq.tlog\cl-dw20-dwwin.read.4.tlog
f:\myprojects\ztl_linq\ztl_linq\debug\ztl_linq.tlog\cl-dw20-dwwin.write.1.tlog
f:\myprojects\ztl_linq\ztl_linq\debug\ztl_linq.tlog\cl-dw20-dwwin.write.2.tlog
f:\myprojects\ztl_linq\ztl_linq\debug\ztl_linq.tlog\cl-dw20.read.1.tlog
f:\myprojects\ztl_linq\ztl_linq\debug\ztl_linq.tlog\cl-dw20.write.1.tlog
f:\myprojects\ztl_linq\ztl_linq\debug\ztl_linq.tlog\cl.command.1.tlog
f:\myprojects\ztl_linq\ztl_linq\debug\ztl_linq.tlog\cl.read.1.tlog
f:\myprojects\ztl_linq\ztl_linq\debug\ztl_linq.tlog\cl.write.1.tlog
f:\myprojects\ztl_linq\ztl_linq\debug\ztl_linq.tlog\link.command.1.tlog
f:\myprojects\ztl_linq\ztl_linq\debug\ztl_linq.tlog\link.read.1.tlog
f:\myprojects\ztl_linq\ztl_linq\debug\ztl_linq.tlog\link.write.1.tlog
